<?xml version="1.0" encoding="UTF-8"?>
<!-- Generated by org.testng.reporters.JUnitReportReporter -->
<testsuite hostname="IBM-PF341VA9" failures="0" tests="8" name="ibm.restassured.assignment.Assignment1" time="11.396" errors="0" timestamp="2022-06-01T18:41:27 IST" skipped="0">
  <testcase classname="ibm.restassured.assignment.Assignment1" name="createUser" time="2.800"/>
  <system-out/>
  <testcase classname="ibm.restassured.assignment.Assignment1" name="createUser" time="1.146"/>
  <system-out/>
  <testcase classname="ibm.restassured.assignment.Assignment1" name="getUser" time="1.219"/>
  <system-out/>
  <testcase classname="ibm.restassured.assignment.Assignment1" name="modifyUser" time="1.244"/>
  <system-out/>
  <testcase classname="ibm.restassured.assignment.Assignment1" name="getModifiedUserDetails" time="1.277"/>
  <system-out/>
  <testcase classname="ibm.restassured.assignment.Assignment1" name="deleteUser" time="1.252"/>
  <system-out/>
  <testcase classname="ibm.restassured.assignment.Assignment1" name="login" time="1.233"/>
  <system-out/>
  <testcase classname="ibm.restassured.assignment.Assignment1" name="logout" time="1.225"/>
  <system-out/>
</testsuite> <!-- ibm.restassured.assignment.Assignment1 -->
